/bin/sh: 1: /home/ittm/projects/itt/site/scripts/performance-monitor.sh: not found
/bin/sh: 1: /home/ittm/projects/itt/site/scripts/performance-monitor.sh: not found
/bin/sh: 1: /home/ittm/projects/itt/site/scripts/performance-monitor.sh: not found
📊 Generating performance report...
[2025-06-25 12:50:01] 📊 Performance report generated: /home/ittz/projects/itt/site/logs/performance-report-20250625-1250.json
✅ Report generated
📊 Generating performance report...
📊 Generating performance report...
/home/ittz/projects/itt/site/scripts/performance-monitor.sh: line 334: /home/ittz/projects/itt/site/logs/performance-report-20250625-1255.json: Permission denied
[2025-06-25 12:55:01] 📊 Performance report generated: /home/ittz/projects/itt/site/logs/performance-report-20250625-1255.json
✅ Report generated
[2025-06-25 12:55:01] 📊 Performance report generated: /home/ittz/projects/itt/site/logs/performance-report-20250625-1255.json
✅ Report generated
📊 Generating performance report...
📊 Generating performance report...
[2025-06-25 13:00:03] 📊 Performance report generated: /home/ittz/projects/itt/site/logs/performance-report-20250625-1300.json
✅ Report generated
[2025-06-25 13:00:03] 📊 Performance report generated: /home/ittz/projects/itt/site/logs/performance-report-20250625-1300.json
✅ Report generated
📊 Generating performance report...
📊 Generating performance report...
[2025-06-25 13:05:02] 📊 Performance report generated: /home/ittz/projects/itt/site/logs/performance-report-20250625-1305.json
✅ Report generated
[2025-06-25 13:05:02] 📊 Performance report generated: /home/ittz/projects/itt/site/logs/performance-report-20250625-1305.json
✅ Report generated
📊 Generating performance report...
📊 Generating performance report...
[2025-06-25 13:10:01] 📊 Performance report generated: /home/ittz/projects/itt/site/logs/performance-report-20250625-1310.json
✅ Report generated
[2025-06-25 13:10:01] 📊 Performance report generated: /home/ittz/projects/itt/site/logs/performance-report-20250625-1310.json
✅ Report generated
📊 Generating performance report...
📊 Generating performance report...
[2025-06-25 13:15:02] 📊 Performance report generated: /home/ittz/projects/itt/site/logs/performance-report-20250625-1315.json
✅ Report generated
[2025-06-25 13:15:02] 📊 Performance report generated: /home/ittz/projects/itt/site/logs/performance-report-20250625-1315.json
✅ Report generated
📊 Generating performance report...
📊 Generating performance report...
[2025-06-25 13:20:02] 📊 Performance report generated: /home/ittz/projects/itt/site/logs/performance-report-20250625-1320.json
✅ Report generated
[2025-06-25 13:20:02] 📊 Performance report generated: /home/ittz/projects/itt/site/logs/performance-report-20250625-1320.json
✅ Report generated
📊 Generating performance report...
📊 Generating performance report...
[2025-06-25 13:25:02] 📊 Performance report generated: /home/ittz/projects/itt/site/logs/performance-report-20250625-1325.json
✅ Report generated
[2025-06-25 13:25:02] 📊 Performance report generated: /home/ittz/projects/itt/site/logs/performance-report-20250625-1325.json
✅ Report generated
📊 Generating performance report...
📊 Generating performance report...
/home/ittz/projects/itt/site/scripts/performance-monitor.sh: line 334: /home/ittz/projects/itt/site/logs/performance-report-20250625-1330.json: Permission denied
[2025-06-25 13:30:01] 📊 Performance report generated: /home/ittz/projects/itt/site/logs/performance-report-20250625-1330.json
✅ Report generated
[2025-06-25 13:30:01] 📊 Performance report generated: /home/ittz/projects/itt/site/logs/performance-report-20250625-1330.json
✅ Report generated
📊 Generating performance report...
📊 Generating performance report...
/home/ittz/projects/itt/site/scripts/performance-monitor.sh: line 334: /home/ittz/projects/itt/site/logs/performance-report-20250625-1335.json: Permission denied
[2025-06-25 13:35:01] 📊 Performance report generated: /home/ittz/projects/itt/site/logs/performance-report-20250625-1335.json
✅ Report generated
[2025-06-25 13:35:02] 📊 Performance report generated: /home/ittz/projects/itt/site/logs/performance-report-20250625-1335.json
✅ Report generated
📊 Generating performance report...
📊 Generating performance report...
/home/ittz/projects/itt/site/scripts/performance-monitor.sh: line 334: /home/ittz/projects/itt/site/logs/performance-report-20250625-1340.json: Permission denied
[2025-06-25 13:40:01] 📊 Performance report generated: /home/ittz/projects/itt/site/logs/performance-report-20250625-1340.json
✅ Report generated
[2025-06-25 13:40:01] 📊 Performance report generated: /home/ittz/projects/itt/site/logs/performance-report-20250625-1340.json
✅ Report generated
📊 Generating performance report...
📊 Generating performance report...
[2025-06-25 13:45:02] 📊 Performance report generated: /home/ittz/projects/itt/site/logs/performance-report-20250625-1345.json
✅ Report generated
[2025-06-25 13:45:02] 📊 Performance report generated: /home/ittz/projects/itt/site/logs/performance-report-20250625-1345.json
✅ Report generated
📊 Generating performance report...
📊 Generating performance report...
[2025-06-25 13:50:01] 📊 Performance report generated: /home/ittz/projects/itt/site/logs/performance-report-20250625-1350.json
✅ Report generated
[2025-06-25 13:50:01] 📊 Performance report generated: /home/ittz/projects/itt/site/logs/performance-report-20250625-1350.json
✅ Report generated
📊 Generating performance report...
📊 Generating performance report...
/home/ittz/projects/itt/site/scripts/performance-monitor.sh: line 334: /home/ittz/projects/itt/site/logs/performance-report-20250625-1355.json: Permission denied
[2025-06-25 13:55:01] 📊 Performance report generated: /home/ittz/projects/itt/site/logs/performance-report-20250625-1355.json
✅ Report generated
[2025-06-25 13:55:02] 📊 Performance report generated: /home/ittz/projects/itt/site/logs/performance-report-20250625-1355.json
✅ Report generated
📊 Generating performance report...
📊 Generating performance report...
[2025-06-25 14:00:02] 📊 Performance report generated: /home/ittz/projects/itt/site/logs/performance-report-20250625-1400.json
✅ Report generated
[2025-06-25 14:00:02] 📊 Performance report generated: /home/ittz/projects/itt/site/logs/performance-report-20250625-1400.json
✅ Report generated
📊 Generating performance report...
📊 Generating performance report...
[2025-06-25 14:05:01] 📊 Performance report generated: /home/ittz/projects/itt/site/logs/performance-report-20250625-1405.json
✅ Report generated
[2025-06-25 14:05:01] 📊 Performance report generated: /home/ittz/projects/itt/site/logs/performance-report-20250625-1405.json
✅ Report generated
📊 Generating performance report...
📊 Generating performance report...
[2025-06-25 14:10:02] 📊 Performance report generated: /home/ittz/projects/itt/site/logs/performance-report-20250625-1410.json
✅ Report generated
[2025-06-25 14:10:02] 📊 Performance report generated: /home/ittz/projects/itt/site/logs/performance-report-20250625-1410.json
✅ Report generated
📊 Generating performance report...
📊 Generating performance report...
/home/ittz/projects/itt/site/scripts/performance-monitor.sh: line 334: /home/ittz/projects/itt/site/logs/performance-report-20250625-1415.json: Permission denied
[2025-06-25 14:15:01] 📊 Performance report generated: /home/ittz/projects/itt/site/logs/performance-report-20250625-1415.json
✅ Report generated
[2025-06-25 14:15:01] 📊 Performance report generated: /home/ittz/projects/itt/site/logs/performance-report-20250625-1415.json
✅ Report generated
📊 Generating performance report...
📊 Generating performance report...
[2025-06-25 14:20:02] 📊 Performance report generated: /home/ittz/projects/itt/site/logs/performance-report-20250625-1420.json
✅ Report generated
[2025-06-25 14:20:02] 📊 Performance report generated: /home/ittz/projects/itt/site/logs/performance-report-20250625-1420.json
✅ Report generated
📊 Generating performance report...
📊 Generating performance report...
/home/ittz/projects/itt/site/scripts/performance-monitor.sh: line 334: /home/ittz/projects/itt/site/logs/performance-report-20250625-1425.json: Permission denied
[2025-06-25 14:25:01] 📊 Performance report generated: /home/ittz/projects/itt/site/logs/performance-report-20250625-1425.json
✅ Report generated
[2025-06-25 14:25:02] 📊 Performance report generated: /home/ittz/projects/itt/site/logs/performance-report-20250625-1425.json
✅ Report generated
📊 Generating performance report...
📊 Generating performance report...
/home/ittz/projects/itt/site/scripts/performance-monitor.sh: line 334: /home/ittz/projects/itt/site/logs/performance-report-20250625-1430.json: Permission denied
[2025-06-25 14:30:01] 📊 Performance report generated: /home/ittz/projects/itt/site/logs/performance-report-20250625-1430.json
✅ Report generated
[2025-06-25 14:30:01] 📊 Performance report generated: /home/ittz/projects/itt/site/logs/performance-report-20250625-1430.json
✅ Report generated
📊 Generating performance report...
📊 Generating performance report...
[2025-06-25 14:35:02] 📊 Performance report generated: /home/ittz/projects/itt/site/logs/performance-report-20250625-1435.json
✅ Report generated
[2025-06-25 14:35:02] 📊 Performance report generated: /home/ittz/projects/itt/site/logs/performance-report-20250625-1435.json
✅ Report generated
📊 Generating performance report...
📊 Generating performance report...
[2025-06-25 14:40:02] 📊 Performance report generated: /home/ittz/projects/itt/site/logs/performance-report-20250625-1440.json
✅ Report generated
[2025-06-25 14:40:02] 📊 Performance report generated: /home/ittz/projects/itt/site/logs/performance-report-20250625-1440.json
✅ Report generated
📊 Generating performance report...
📊 Generating performance report...
/home/ittz/projects/itt/site/scripts/performance-monitor.sh: line 334: /home/ittz/projects/itt/site/logs/performance-report-20250625-1445.json: Permission denied
[2025-06-25 14:45:02] 📊 Performance report generated: /home/ittz/projects/itt/site/logs/performance-report-20250625-1445.json
✅ Report generated
[2025-06-25 14:45:02] 📊 Performance report generated: /home/ittz/projects/itt/site/logs/performance-report-20250625-1445.json
✅ Report generated
📊 Generating performance report...
📊 Generating performance report...
/home/ittz/projects/itt/site/scripts/performance-monitor.sh: line 334: /home/ittz/projects/itt/site/logs/performance-report-20250625-1450.json: Permission denied
[2025-06-25 14:50:01] 📊 Performance report generated: /home/ittz/projects/itt/site/logs/performance-report-20250625-1450.json
✅ Report generated
[2025-06-25 14:50:02] 📊 Performance report generated: /home/ittz/projects/itt/site/logs/performance-report-20250625-1450.json
✅ Report generated
📊 Generating performance report...
📊 Generating performance report...
[2025-06-25 14:55:02] 📊 Performance report generated: /home/ittz/projects/itt/site/logs/performance-report-20250625-1455.json
✅ Report generated
[2025-06-25 14:55:02] 📊 Performance report generated: /home/ittz/projects/itt/site/logs/performance-report-20250625-1455.json
✅ Report generated
📊 Generating performance report...
📊 Generating performance report...
/home/ittz/projects/itt/site/scripts/performance-monitor.sh: line 334: /home/ittz/projects/itt/site/logs/performance-report-20250625-1500.json: Permission denied
[2025-06-25 15:00:01] 📊 Performance report generated: /home/ittz/projects/itt/site/logs/performance-report-20250625-1500.json
✅ Report generated
[2025-06-25 15:00:02] 📊 Performance report generated: /home/ittz/projects/itt/site/logs/performance-report-20250625-1500.json
✅ Report generated
📊 Generating performance report...
📊 Generating performance report...
/home/ittz/projects/itt/site/scripts/performance-monitor.sh: line 334: /home/ittz/projects/itt/site/logs/performance-report-20250625-1505.json: Permission denied
[2025-06-25 15:05:01] 📊 Performance report generated: /home/ittz/projects/itt/site/logs/performance-report-20250625-1505.json
✅ Report generated
[2025-06-25 15:05:01] 📊 Performance report generated: /home/ittz/projects/itt/site/logs/performance-report-20250625-1505.json
✅ Report generated
📊 Generating performance report...
📊 Generating performance report...
[2025-06-25 15:10:02] 📊 Performance report generated: /home/ittz/projects/itt/site/logs/performance-report-20250625-1510.json
✅ Report generated
[2025-06-25 15:10:02] 📊 Performance report generated: /home/ittz/projects/itt/site/logs/performance-report-20250625-1510.json
✅ Report generated
📊 Generating performance report...
📊 Generating performance report...
[2025-06-25 15:15:02] 📊 Performance report generated: /home/ittz/projects/itt/site/logs/performance-report-20250625-1515.json
✅ Report generated
[2025-06-25 15:15:02] 📊 Performance report generated: /home/ittz/projects/itt/site/logs/performance-report-20250625-1515.json
✅ Report generated
📊 Generating performance report...
📊 Generating performance report...
[2025-06-25 15:20:02] 📊 Performance report generated: /home/ittz/projects/itt/site/logs/performance-report-20250625-1520.json
✅ Report generated
[2025-06-25 15:20:02] 📊 Performance report generated: /home/ittz/projects/itt/site/logs/performance-report-20250625-1520.json
✅ Report generated
📊 Generating performance report...
📊 Generating performance report...
[2025-06-25 15:25:02] 📊 Performance report generated: /home/ittz/projects/itt/site/logs/performance-report-20250625-1525.json
✅ Report generated
[2025-06-25 15:25:02] 📊 Performance report generated: /home/ittz/projects/itt/site/logs/performance-report-20250625-1525.json
✅ Report generated
📊 Generating performance report...
📊 Generating performance report...
/home/ittz/projects/itt/site/scripts/performance-monitor.sh: line 334: /home/ittz/projects/itt/site/logs/performance-report-20250625-1530.json: Permission denied
[2025-06-25 15:30:01] 📊 Performance report generated: /home/ittz/projects/itt/site/logs/performance-report-20250625-1530.json
✅ Report generated
[2025-06-25 15:30:02] 📊 Performance report generated: /home/ittz/projects/itt/site/logs/performance-report-20250625-1530.json
✅ Report generated
📊 Generating performance report...
📊 Generating performance report...
[2025-06-25 15:35:02] 📊 Performance report generated: /home/ittz/projects/itt/site/logs/performance-report-20250625-1535.json
✅ Report generated
[2025-06-25 15:35:02] 📊 Performance report generated: /home/ittz/projects/itt/site/logs/performance-report-20250625-1535.json
✅ Report generated
📊 Generating performance report...
📊 Generating performance report...
/home/ittz/projects/itt/site/scripts/performance-monitor.sh: line 334: /home/ittz/projects/itt/site/logs/performance-report-20250625-1540.json: Permission denied
[2025-06-25 15:40:01] 📊 Performance report generated: /home/ittz/projects/itt/site/logs/performance-report-20250625-1540.json
✅ Report generated
[2025-06-25 15:40:02] 📊 Performance report generated: /home/ittz/projects/itt/site/logs/performance-report-20250625-1540.json
✅ Report generated
📊 Generating performance report...
📊 Generating performance report...
/home/ittz/projects/itt/site/scripts/performance-monitor.sh: line 334: /home/ittz/projects/itt/site/logs/performance-report-20250625-1545.json: Permission denied
[2025-06-25 15:45:01] 📊 Performance report generated: /home/ittz/projects/itt/site/logs/performance-report-20250625-1545.json
✅ Report generated
[2025-06-25 15:45:01] 📊 Performance report generated: /home/ittz/projects/itt/site/logs/performance-report-20250625-1545.json
✅ Report generated
📊 Generating performance report...
📊 Generating performance report...
/home/ittz/projects/itt/site/scripts/performance-monitor.sh: line 334: /home/ittz/projects/itt/site/logs/performance-report-20250625-1550.json: Permission denied
[2025-06-25 15:50:01] 📊 Performance report generated: /home/ittz/projects/itt/site/logs/performance-report-20250625-1550.json
✅ Report generated
[2025-06-25 15:50:02] 📊 Performance report generated: /home/ittz/projects/itt/site/logs/performance-report-20250625-1550.json
✅ Report generated
📊 Generating performance report...
📊 Generating performance report...
/home/ittz/projects/itt/site/scripts/performance-monitor.sh: line 334: /home/ittz/projects/itt/site/logs/performance-report-20250625-1555.json: Permission denied
[2025-06-25 15:55:02] 📊 Performance report generated: /home/ittz/projects/itt/site/logs/performance-report-20250625-1555.json
✅ Report generated
[2025-06-25 15:55:02] 📊 Performance report generated: /home/ittz/projects/itt/site/logs/performance-report-20250625-1555.json
✅ Report generated
📊 Generating performance report...
📊 Generating performance report...
[2025-06-25 16:00:02] 📊 Performance report generated: /home/ittz/projects/itt/site/logs/performance-report-20250625-1600.json
✅ Report generated
[2025-06-25 16:00:03] 📊 Performance report generated: /home/ittz/projects/itt/site/logs/performance-report-20250625-1600.json
✅ Report generated
📊 Generating performance report...
📊 Generating performance report...
/home/ittz/projects/itt/site/scripts/performance-monitor.sh: line 334: /home/ittz/projects/itt/site/logs/performance-report-20250625-1605.json: Permission denied
[2025-06-25 16:05:01] 📊 Performance report generated: /home/ittz/projects/itt/site/logs/performance-report-20250625-1605.json
✅ Report generated
[2025-06-25 16:05:02] 📊 Performance report generated: /home/ittz/projects/itt/site/logs/performance-report-20250625-1605.json
✅ Report generated
📊 Generating performance report...
📊 Generating performance report...
/home/ittz/projects/itt/site/scripts/performance-monitor.sh: line 334: /home/ittz/projects/itt/site/logs/performance-report-20250625-1610.json: Permission denied
[2025-06-25 16:10:01] 📊 Performance report generated: /home/ittz/projects/itt/site/logs/performance-report-20250625-1610.json
✅ Report generated
[2025-06-25 16:10:01] 📊 Performance report generated: /home/ittz/projects/itt/site/logs/performance-report-20250625-1610.json
✅ Report generated
📊 Generating performance report...
📊 Generating performance report...
[2025-06-25 16:15:02] 📊 Performance report generated: /home/ittz/projects/itt/site/logs/performance-report-20250625-1615.json
✅ Report generated
[2025-06-25 16:15:02] 📊 Performance report generated: /home/ittz/projects/itt/site/logs/performance-report-20250625-1615.json
✅ Report generated
📊 Generating performance report...
📊 Generating performance report...
/home/ittz/projects/itt/site/scripts/performance-monitor.sh: line 334: /home/ittz/projects/itt/site/logs/performance-report-20250625-1620.json: Permission denied
[2025-06-25 16:20:01] 📊 Performance report generated: /home/ittz/projects/itt/site/logs/performance-report-20250625-1620.json
✅ Report generated
[2025-06-25 16:20:02] 📊 Performance report generated: /home/ittz/projects/itt/site/logs/performance-report-20250625-1620.json
✅ Report generated
📊 Generating performance report...
📊 Generating performance report...
/home/ittz/projects/itt/site/scripts/performance-monitor.sh: line 334: /home/ittz/projects/itt/site/logs/performance-report-20250625-1625.json: Permission denied
[2025-06-25 16:25:01] 📊 Performance report generated: /home/ittz/projects/itt/site/logs/performance-report-20250625-1625.json
✅ Report generated
[2025-06-25 16:25:01] 📊 Performance report generated: /home/ittz/projects/itt/site/logs/performance-report-20250625-1625.json
✅ Report generated
📊 Generating performance report...
📊 Generating performance report...
/home/ittz/projects/itt/site/scripts/performance-monitor.sh: line 334: /home/ittz/projects/itt/site/logs/performance-report-20250625-1630.json: Permission denied
[2025-06-25 16:30:01] 📊 Performance report generated: /home/ittz/projects/itt/site/logs/performance-report-20250625-1630.json
✅ Report generated
[2025-06-25 16:30:02] 📊 Performance report generated: /home/ittz/projects/itt/site/logs/performance-report-20250625-1630.json
✅ Report generated
📊 Generating performance report...
📊 Generating performance report...
[2025-06-25 16:35:01] 📊 Performance report generated: /home/ittz/projects/itt/site/logs/performance-report-20250625-1635.json
[2025-06-25 16:35:01] 📊 Performance report generated: /home/ittz/projects/itt/site/logs/performance-report-20250625-1635.json
✅ Report generated
✅ Report generated
📊 Generating performance report...
📊 Generating performance report...
/home/ittz/projects/itt/site/scripts/performance-monitor.sh: line 334: /home/ittz/projects/itt/site/logs/performance-report-20250625-1640.json: Permission denied
[2025-06-25 16:40:01] 📊 Performance report generated: /home/ittz/projects/itt/site/logs/performance-report-20250625-1640.json
✅ Report generated
[2025-06-25 16:40:02] 📊 Performance report generated: /home/ittz/projects/itt/site/logs/performance-report-20250625-1640.json
✅ Report generated
📊 Generating performance report...
📊 Generating performance report...
/home/ittz/projects/itt/site/scripts/performance-monitor.sh: line 334: /home/ittz/projects/itt/site/logs/performance-report-20250625-1645.json: Permission denied
[2025-06-25 16:45:01] 📊 Performance report generated: /home/ittz/projects/itt/site/logs/performance-report-20250625-1645.json
✅ Report generated
[2025-06-25 16:45:01] 📊 Performance report generated: /home/ittz/projects/itt/site/logs/performance-report-20250625-1645.json
✅ Report generated
📊 Generating performance report...
📊 Generating performance report...
[2025-06-25 16:50:02] 📊 Performance report generated: /home/ittz/projects/itt/site/logs/performance-report-20250625-1650.json
✅ Report generated
[2025-06-25 16:50:02] 📊 Performance report generated: /home/ittz/projects/itt/site/logs/performance-report-20250625-1650.json
✅ Report generated
📊 Generating performance report...
📊 Generating performance report...
/home/ittz/projects/itt/site/scripts/performance-monitor.sh: line 334: /home/ittz/projects/itt/site/logs/performance-report-20250625-1655.json: Permission denied
[2025-06-25 16:55:01] 📊 Performance report generated: /home/ittz/projects/itt/site/logs/performance-report-20250625-1655.json
✅ Report generated
[2025-06-25 16:55:02] 📊 Performance report generated: /home/ittz/projects/itt/site/logs/performance-report-20250625-1655.json
✅ Report generated
📊 Generating performance report...
📊 Generating performance report...
/home/ittz/projects/itt/site/scripts/performance-monitor.sh: line 334: /home/ittz/projects/itt/site/logs/performance-report-20250625-1700.json: Permission denied
[2025-06-25 17:00:01] 📊 Performance report generated: /home/ittz/projects/itt/site/logs/performance-report-20250625-1700.json
✅ Report generated
[2025-06-25 17:00:02] 📊 Performance report generated: /home/ittz/projects/itt/site/logs/performance-report-20250625-1700.json
✅ Report generated
📊 Generating performance report...
📊 Generating performance report...
/home/ittz/projects/itt/site/scripts/performance-monitor.sh: line 334: /home/ittz/projects/itt/site/logs/performance-report-20250625-1705.json: Permission denied
[2025-06-25 17:05:01] 📊 Performance report generated: /home/ittz/projects/itt/site/logs/performance-report-20250625-1705.json
✅ Report generated
[2025-06-25 17:05:02] 📊 Performance report generated: /home/ittz/projects/itt/site/logs/performance-report-20250625-1705.json
✅ Report generated
📊 Generating performance report...
📊 Generating performance report...
[2025-06-25 17:10:02] 📊 Performance report generated: /home/ittz/projects/itt/site/logs/performance-report-20250625-1710.json
✅ Report generated
[2025-06-25 17:10:02] 📊 Performance report generated: /home/ittz/projects/itt/site/logs/performance-report-20250625-1710.json
✅ Report generated
📊 Generating performance report...
📊 Generating performance report...
/home/ittz/projects/itt/site/scripts/performance-monitor.sh: line 334: /home/ittz/projects/itt/site/logs/performance-report-20250625-1715.json: Permission denied
[2025-06-25 17:15:01] 📊 Performance report generated: /home/ittz/projects/itt/site/logs/performance-report-20250625-1715.json
✅ Report generated
[2025-06-25 17:15:02] 📊 Performance report generated: /home/ittz/projects/itt/site/logs/performance-report-20250625-1715.json
✅ Report generated
📊 Generating performance report...
📊 Generating performance report...
/home/ittz/projects/itt/site/scripts/performance-monitor.sh: line 334: /home/ittz/projects/itt/site/logs/performance-report-20250625-1720.json: Permission denied
[2025-06-25 17:20:01] 📊 Performance report generated: /home/ittz/projects/itt/site/logs/performance-report-20250625-1720.json
✅ Report generated
[2025-06-25 17:20:02] 📊 Performance report generated: /home/ittz/projects/itt/site/logs/performance-report-20250625-1720.json
✅ Report generated
📊 Generating performance report...
📊 Generating performance report...
/home/ittz/projects/itt/site/scripts/performance-monitor.sh: line 334: /home/ittz/projects/itt/site/logs/performance-report-20250625-1725.json: Permission denied
[2025-06-25 17:25:01] 📊 Performance report generated: /home/ittz/projects/itt/site/logs/performance-report-20250625-1725.json
✅ Report generated
[2025-06-25 17:25:01] 📊 Performance report generated: /home/ittz/projects/itt/site/logs/performance-report-20250625-1725.json
✅ Report generated
📊 Generating performance report...
📊 Generating performance report...
/home/ittz/projects/itt/site/scripts/performance-monitor.sh: line 334: /home/ittz/projects/itt/site/logs/performance-report-20250625-1730.json: Permission denied
[2025-06-25 17:30:01] 📊 Performance report generated: /home/ittz/projects/itt/site/logs/performance-report-20250625-1730.json
✅ Report generated
[2025-06-25 17:30:02] 📊 Performance report generated: /home/ittz/projects/itt/site/logs/performance-report-20250625-1730.json
✅ Report generated
📊 Generating performance report...
📊 Generating performance report...
/home/ittz/projects/itt/site/scripts/performance-monitor.sh: line 334: /home/ittz/projects/itt/site/logs/performance-report-20250625-1735.json: Permission denied
[2025-06-25 17:35:01] 📊 Performance report generated: /home/ittz/projects/itt/site/logs/performance-report-20250625-1735.json
✅ Report generated
[2025-06-25 17:35:01] 📊 Performance report generated: /home/ittz/projects/itt/site/logs/performance-report-20250625-1735.json
✅ Report generated
📊 Generating performance report...
📊 Generating performance report...
/home/ittz/projects/itt/site/scripts/performance-monitor.sh: line 334: /home/ittz/projects/itt/site/logs/performance-report-20250625-1740.json: Permission denied
[2025-06-25 17:40:01] 📊 Performance report generated: /home/ittz/projects/itt/site/logs/performance-report-20250625-1740.json
✅ Report generated
[2025-06-25 17:40:02] 📊 Performance report generated: /home/ittz/projects/itt/site/logs/performance-report-20250625-1740.json
✅ Report generated
📊 Generating performance report...
📊 Generating performance report...
/home/ittz/projects/itt/site/scripts/performance-monitor.sh: line 334: /home/ittz/projects/itt/site/logs/performance-report-20250625-1745.json: Permission denied
[2025-06-25 17:45:01] 📊 Performance report generated: /home/ittz/projects/itt/site/logs/performance-report-20250625-1745.json
✅ Report generated
[2025-06-25 17:45:01] 📊 Performance report generated: /home/ittz/projects/itt/site/logs/performance-report-20250625-1745.json
✅ Report generated
📊 Generating performance report...
📊 Generating performance report...
/home/ittz/projects/itt/site/scripts/performance-monitor.sh: line 334: /home/ittz/projects/itt/site/logs/performance-report-20250625-1750.json: Permission denied
[2025-06-25 17:50:01] 📊 Performance report generated: /home/ittz/projects/itt/site/logs/performance-report-20250625-1750.json
✅ Report generated
[2025-06-25 17:50:02] 📊 Performance report generated: /home/ittz/projects/itt/site/logs/performance-report-20250625-1750.json
✅ Report generated
📊 Generating performance report...
📊 Generating performance report...
[2025-06-25 17:55:02] 📊 Performance report generated: /home/ittz/projects/itt/site/logs/performance-report-20250625-1755.json
✅ Report generated
[2025-06-25 17:55:02] 📊 Performance report generated: /home/ittz/projects/itt/site/logs/performance-report-20250625-1755.json
✅ Report generated
📊 Generating performance report...
📊 Generating performance report...
/home/ittz/projects/itt/site/scripts/performance-monitor.sh: line 334: /home/ittz/projects/itt/site/logs/performance-report-20250625-1800.json: Permission denied
[2025-06-25 18:00:01] 📊 Performance report generated: /home/ittz/projects/itt/site/logs/performance-report-20250625-1800.json
✅ Report generated
[2025-06-25 18:00:03] 📊 Performance report generated: /home/ittz/projects/itt/site/logs/performance-report-20250625-1800.json
✅ Report generated
📊 Generating performance report...
📊 Generating performance report...
/home/ittz/projects/itt/site/scripts/performance-monitor.sh: line 334: /home/ittz/projects/itt/site/logs/performance-report-20250625-1805.json: Permission denied
[2025-06-25 18:05:01] 📊 Performance report generated: /home/ittz/projects/itt/site/logs/performance-report-20250625-1805.json
✅ Report generated
[2025-06-25 18:05:02] 📊 Performance report generated: /home/ittz/projects/itt/site/logs/performance-report-20250625-1805.json
✅ Report generated
📊 Generating performance report...
📊 Generating performance report...
/home/ittz/projects/itt/site/scripts/performance-monitor.sh: line 334: /home/ittz/projects/itt/site/logs/performance-report-20250625-1810.json: Permission denied
[2025-06-25 18:10:01] 📊 Performance report generated: /home/ittz/projects/itt/site/logs/performance-report-20250625-1810.json
✅ Report generated
[2025-06-25 18:10:02] 📊 Performance report generated: /home/ittz/projects/itt/site/logs/performance-report-20250625-1810.json
✅ Report generated
📊 Generating performance report...
📊 Generating performance report...
/home/ittz/projects/itt/site/scripts/performance-monitor.sh: line 334: /home/ittz/projects/itt/site/logs/performance-report-20250625-1815.json: Permission denied
[2025-06-25 18:15:01] 📊 Performance report generated: /home/ittz/projects/itt/site/logs/performance-report-20250625-1815.json
✅ Report generated
[2025-06-25 18:15:02] 📊 Performance report generated: /home/ittz/projects/itt/site/logs/performance-report-20250625-1815.json
✅ Report generated
📊 Generating performance report...
📊 Generating performance report...
[2025-06-25 18:20:02] 📊 Performance report generated: /home/ittz/projects/itt/site/logs/performance-report-20250625-1820.json
✅ Report generated
[2025-06-25 18:20:02] 📊 Performance report generated: /home/ittz/projects/itt/site/logs/performance-report-20250625-1820.json
✅ Report generated
📊 Generating performance report...
[2025-07-11 05:25:02] 📊 Performance report generated: /home/ittz/projects/itt/site/logs/performance-report-20250711-0525.json
✅ Report generated
📊 Generating performance report...
[2025-07-11 05:30:01] 📊 Performance report generated: /home/ittz/projects/itt/site/logs/performance-report-20250711-0530.json
✅ Report generated
📊 Generating performance report...
[2025-07-11 05:35:02] 📊 Performance report generated: /home/ittz/projects/itt/site/logs/performance-report-20250711-0535.json
✅ Report generated
📊 Generating performance report...
[2025-07-11 05:40:01] 📊 Performance report generated: /home/ittz/projects/itt/site/logs/performance-report-20250711-0540.json
✅ Report generated
📊 Generating performance report...
[2025-07-11 05:45:02] 📊 Performance report generated: /home/ittz/projects/itt/site/logs/performance-report-20250711-0545.json
✅ Report generated
📊 Generating performance report...
[2025-07-11 05:50:01] 📊 Performance report generated: /home/ittz/projects/itt/site/logs/performance-report-20250711-0550.json
✅ Report generated
📊 Generating performance report...
[2025-07-11 05:55:02] 📊 Performance report generated: /home/ittz/projects/itt/site/logs/performance-report-20250711-0555.json
✅ Report generated
📊 Generating performance report...
[2025-07-11 06:00:01] 📊 Performance report generated: /home/ittz/projects/itt/site/logs/performance-report-20250711-0600.json
✅ Report generated
📊 Generating performance report...
[2025-07-11 06:05:02] 📊 Performance report generated: /home/ittz/projects/itt/site/logs/performance-report-20250711-0605.json
✅ Report generated
📊 Generating performance report...
[2025-07-11 06:10:01] 📊 Performance report generated: /home/ittz/projects/itt/site/logs/performance-report-20250711-0610.json
✅ Report generated
📊 Generating performance report...
[2025-07-11 06:15:01] 📊 Performance report generated: /home/ittz/projects/itt/site/logs/performance-report-20250711-0615.json
✅ Report generated
📊 Generating performance report...
[2025-07-11 06:20:01] 📊 Performance report generated: /home/ittz/projects/itt/site/logs/performance-report-20250711-0620.json
✅ Report generated
📊 Generating performance report...
[2025-07-11 06:25:02] 📊 Performance report generated: /home/ittz/projects/itt/site/logs/performance-report-20250711-0625.json
✅ Report generated
📊 Generating performance report...
[2025-07-11 06:30:01] 📊 Performance report generated: /home/ittz/projects/itt/site/logs/performance-report-20250711-0630.json
✅ Report generated
📊 Generating performance report...
[2025-07-11 06:35:01] 📊 Performance report generated: /home/ittz/projects/itt/site/logs/performance-report-20250711-0635.json
✅ Report generated
📊 Generating performance report...
[2025-07-11 06:40:02] 📊 Performance report generated: /home/ittz/projects/itt/site/logs/performance-report-20250711-0640.json
✅ Report generated
📊 Generating performance report...
[2025-07-11 06:45:01] 📊 Performance report generated: /home/ittz/projects/itt/site/logs/performance-report-20250711-0645.json
✅ Report generated
📊 Generating performance report...
[2025-07-11 06:50:02] 📊 Performance report generated: /home/ittz/projects/itt/site/logs/performance-report-20250711-0650.json
✅ Report generated
📊 Generating performance report...
[2025-07-11 06:55:02] 📊 Performance report generated: /home/ittz/projects/itt/site/logs/performance-report-20250711-0655.json
✅ Report generated
📊 Generating performance report...
[2025-07-11 07:00:02] 📊 Performance report generated: /home/ittz/projects/itt/site/logs/performance-report-20250711-0700.json
✅ Report generated
📊 Generating performance report...
[2025-07-11 07:05:02] 📊 Performance report generated: /home/ittz/projects/itt/site/logs/performance-report-20250711-0705.json
✅ Report generated
📊 Generating performance report...
[2025-07-11 07:10:01] 📊 Performance report generated: /home/ittz/projects/itt/site/logs/performance-report-20250711-0710.json
✅ Report generated
📊 Generating performance report...
[2025-07-11 07:15:02] 📊 Performance report generated: /home/ittz/projects/itt/site/logs/performance-report-20250711-0715.json
✅ Report generated
📊 Generating performance report...
[2025-07-11 07:20:02] 📊 Performance report generated: /home/ittz/projects/itt/site/logs/performance-report-20250711-0720.json
✅ Report generated
📊 Generating performance report...
[2025-07-11 07:25:01] 📊 Performance report generated: /home/ittz/projects/itt/site/logs/performance-report-20250711-0725.json
✅ Report generated
📊 Generating performance report...
[2025-07-11 07:30:02] 📊 Performance report generated: /home/ittz/projects/itt/site/logs/performance-report-20250711-0730.json
✅ Report generated
📊 Generating performance report...
[2025-07-11 07:35:02] 📊 Performance report generated: /home/ittz/projects/itt/site/logs/performance-report-20250711-0735.json
✅ Report generated
📊 Generating performance report...
[2025-07-11 07:40:01] 📊 Performance report generated: /home/ittz/projects/itt/site/logs/performance-report-20250711-0740.json
✅ Report generated
📊 Generating performance report...
[2025-07-11 07:45:02] 📊 Performance report generated: /home/ittz/projects/itt/site/logs/performance-report-20250711-0745.json
✅ Report generated
📊 Generating performance report...
[2025-07-11 07:50:01] 📊 Performance report generated: /home/ittz/projects/itt/site/logs/performance-report-20250711-0750.json
✅ Report generated
📊 Generating performance report...
[2025-07-11 07:55:02] 📊 Performance report generated: /home/ittz/projects/itt/site/logs/performance-report-20250711-0755.json
✅ Report generated
📊 Generating performance report...
[2025-07-11 08:00:01] 📊 Performance report generated: /home/ittz/projects/itt/site/logs/performance-report-20250711-0800.json
✅ Report generated
📊 Generating performance report...
[2025-07-11 08:05:02] 📊 Performance report generated: /home/ittz/projects/itt/site/logs/performance-report-20250711-0805.json
✅ Report generated
📊 Generating performance report...
[2025-07-11 08:10:01] 📊 Performance report generated: /home/ittz/projects/itt/site/logs/performance-report-20250711-0810.json
✅ Report generated
📊 Generating performance report...
[2025-07-11 08:15:01] 📊 Performance report generated: /home/ittz/projects/itt/site/logs/performance-report-20250711-0815.json
✅ Report generated
📊 Generating performance report...
[2025-07-11 08:20:01] 📊 Performance report generated: /home/ittz/projects/itt/site/logs/performance-report-20250711-0820.json
✅ Report generated
📊 Generating performance report...
[2025-07-11 08:25:02] 📊 Performance report generated: /home/ittz/projects/itt/site/logs/performance-report-20250711-0825.json
✅ Report generated
📊 Generating performance report...
[2025-07-11 08:30:01] 📊 Performance report generated: /home/ittz/projects/itt/site/logs/performance-report-20250711-0830.json
✅ Report generated
📊 Generating performance report...
[2025-07-11 08:35:01] 📊 Performance report generated: /home/ittz/projects/itt/site/logs/performance-report-20250711-0835.json
✅ Report generated
📊 Generating performance report...
[2025-07-11 08:40:02] 📊 Performance report generated: /home/ittz/projects/itt/site/logs/performance-report-20250711-0840.json
✅ Report generated
📊 Generating performance report...
[2025-07-11 08:45:01] 📊 Performance report generated: /home/ittz/projects/itt/site/logs/performance-report-20250711-0845.json
✅ Report generated
📊 Generating performance report...
[2025-07-11 08:50:02] 📊 Performance report generated: /home/ittz/projects/itt/site/logs/performance-report-20250711-0850.json
✅ Report generated
📊 Generating performance report...
[2025-07-11 08:55:01] 📊 Performance report generated: /home/ittz/projects/itt/site/logs/performance-report-20250711-0855.json
✅ Report generated
📊 Generating performance report...
[2025-07-11 09:00:02] 📊 Performance report generated: /home/ittz/projects/itt/site/logs/performance-report-20250711-0900.json
✅ Report generated
📊 Generating performance report...
[2025-07-11 09:05:01] 📊 Performance report generated: /home/ittz/projects/itt/site/logs/performance-report-20250711-0905.json
✅ Report generated
📊 Generating performance report...
[2025-07-11 09:10:02] 📊 Performance report generated: /home/ittz/projects/itt/site/logs/performance-report-20250711-0910.json
✅ Report generated
📊 Generating performance report...
[2025-07-11 09:15:02] 📊 Performance report generated: /home/ittz/projects/itt/site/logs/performance-report-20250711-0915.json
✅ Report generated
📊 Generating performance report...
[2025-07-11 09:20:02] 📊 Performance report generated: /home/ittz/projects/itt/site/logs/performance-report-20250711-0920.json
✅ Report generated
📊 Generating performance report...
[2025-07-11 09:25:01] 📊 Performance report generated: /home/ittz/projects/itt/site/logs/performance-report-20250711-0925.json
✅ Report generated
📊 Generating performance report...
[2025-07-11 09:30:02] 📊 Performance report generated: /home/ittz/projects/itt/site/logs/performance-report-20250711-0930.json
✅ Report generated
📊 Generating performance report...
[2025-07-11 09:35:02] 📊 Performance report generated: /home/ittz/projects/itt/site/logs/performance-report-20250711-0935.json
✅ Report generated
📊 Generating performance report...
[2025-07-11 09:40:01] 📊 Performance report generated: /home/ittz/projects/itt/site/logs/performance-report-20250711-0940.json
✅ Report generated
📊 Generating performance report...
[2025-07-11 09:45:02] 📊 Performance report generated: /home/ittz/projects/itt/site/logs/performance-report-20250711-0945.json
✅ Report generated
📊 Generating performance report...
[2025-07-11 09:50:01] 📊 Performance report generated: /home/ittz/projects/itt/site/logs/performance-report-20250711-0950.json
✅ Report generated
📊 Generating performance report...
[2025-07-11 09:55:02] 📊 Performance report generated: /home/ittz/projects/itt/site/logs/performance-report-20250711-0955.json
✅ Report generated
📊 Generating performance report...
[2025-07-11 10:00:01] 📊 Performance report generated: /home/ittz/projects/itt/site/logs/performance-report-20250711-1000.json
✅ Report generated
📊 Generating performance report...
[2025-07-11 10:05:01] 📊 Performance report generated: /home/ittz/projects/itt/site/logs/performance-report-20250711-1005.json
✅ Report generated
📊 Generating performance report...
[2025-07-11 10:10:02] 📊 Performance report generated: /home/ittz/projects/itt/site/logs/performance-report-20250711-1010.json
✅ Report generated
📊 Generating performance report...
[2025-07-11 10:15:01] 📊 Performance report generated: /home/ittz/projects/itt/site/logs/performance-report-20250711-1015.json
✅ Report generated
📊 Generating performance report...
[2025-07-11 10:20:01] 📊 Performance report generated: /home/ittz/projects/itt/site/logs/performance-report-20250711-1020.json
✅ Report generated
📊 Generating performance report...
[2025-07-11 10:25:02] 📊 Performance report generated: /home/ittz/projects/itt/site/logs/performance-report-20250711-1025.json
✅ Report generated
📊 Generating performance report...
[2025-07-11 10:30:01] 📊 Performance report generated: /home/ittz/projects/itt/site/logs/performance-report-20250711-1030.json
✅ Report generated
📊 Generating performance report...
[2025-07-11 10:35:02] 📊 Performance report generated: /home/ittz/projects/itt/site/logs/performance-report-20250711-1035.json
✅ Report generated
📊 Generating performance report...
[2025-07-11 10:40:01] 📊 Performance report generated: /home/ittz/projects/itt/site/logs/performance-report-20250711-1040.json
✅ Report generated
📊 Generating performance report...
[2025-07-11 10:45:01] 📊 Performance report generated: /home/ittz/projects/itt/site/logs/performance-report-20250711-1045.json
✅ Report generated
📊 Generating performance report...
[2025-07-11 10:50:02] 📊 Performance report generated: /home/ittz/projects/itt/site/logs/performance-report-20250711-1050.json
✅ Report generated
📊 Generating performance report...
[2025-07-11 10:55:01] 📊 Performance report generated: /home/ittz/projects/itt/site/logs/performance-report-20250711-1055.json
✅ Report generated
📊 Generating performance report...
[2025-07-11 11:00:02] 📊 Performance report generated: /home/ittz/projects/itt/site/logs/performance-report-20250711-1100.json
✅ Report generated
📊 Generating performance report...
[2025-07-11 11:05:01] 📊 Performance report generated: /home/ittz/projects/itt/site/logs/performance-report-20250711-1105.json
✅ Report generated
📊 Generating performance report...
[2025-07-11 11:10:02] 📊 Performance report generated: /home/ittz/projects/itt/site/logs/performance-report-20250711-1110.json
✅ Report generated
📊 Generating performance report...
[2025-07-11 11:15:01] 📊 Performance report generated: /home/ittz/projects/itt/site/logs/performance-report-20250711-1115.json
✅ Report generated
📊 Generating performance report...
[2025-07-11 11:20:01] 📊 Performance report generated: /home/ittz/projects/itt/site/logs/performance-report-20250711-1120.json
✅ Report generated
📊 Generating performance report...
[2025-07-11 11:25:02] 📊 Performance report generated: /home/ittz/projects/itt/site/logs/performance-report-20250711-1125.json
✅ Report generated
📊 Generating performance report...
[2025-07-11 11:30:01] 📊 Performance report generated: /home/ittz/projects/itt/site/logs/performance-report-20250711-1130.json
✅ Report generated
📊 Generating performance report...
[2025-07-11 11:35:02] 📊 Performance report generated: /home/ittz/projects/itt/site/logs/performance-report-20250711-1135.json
✅ Report generated
📊 Generating performance report...
[2025-07-11 11:40:01] 📊 Performance report generated: /home/ittz/projects/itt/site/logs/performance-report-20250711-1140.json
✅ Report generated
📊 Generating performance report...
[2025-07-11 11:45:02] 📊 Performance report generated: /home/ittz/projects/itt/site/logs/performance-report-20250711-1145.json
✅ Report generated
📊 Generating performance report...
[2025-07-11 11:50:01] 📊 Performance report generated: /home/ittz/projects/itt/site/logs/performance-report-20250711-1150.json
✅ Report generated
📊 Generating performance report...
[2025-07-11 11:55:01] 📊 Performance report generated: /home/ittz/projects/itt/site/logs/performance-report-20250711-1155.json
✅ Report generated
📊 Generating performance report...
[2025-07-11 12:00:02] 📊 Performance report generated: /home/ittz/projects/itt/site/logs/performance-report-20250711-1200.json
✅ Report generated
📊 Generating performance report...
[2025-07-11 12:05:01] 📊 Performance report generated: /home/ittz/projects/itt/site/logs/performance-report-20250711-1205.json
✅ Report generated
📊 Generating performance report...
[2025-07-11 12:10:02] 📊 Performance report generated: /home/ittz/projects/itt/site/logs/performance-report-20250711-1210.json
✅ Report generated
📊 Generating performance report...
[2025-07-11 12:15:02] 📊 Performance report generated: /home/ittz/projects/itt/site/logs/performance-report-20250711-1215.json
✅ Report generated
📊 Generating performance report...
[2025-07-11 12:20:02] 📊 Performance report generated: /home/ittz/projects/itt/site/logs/performance-report-20250711-1220.json
✅ Report generated
📊 Generating performance report...
[2025-07-11 12:25:02] 📊 Performance report generated: /home/ittz/projects/itt/site/logs/performance-report-20250711-1225.json
✅ Report generated
📊 Generating performance report...
[2025-07-11 12:30:01] 📊 Performance report generated: /home/ittz/projects/itt/site/logs/performance-report-20250711-1230.json
✅ Report generated
📊 Generating performance report...
[2025-07-11 12:35:02] 📊 Performance report generated: /home/ittz/projects/itt/site/logs/performance-report-20250711-1235.json
✅ Report generated
📊 Generating performance report...
[2025-07-11 12:40:01] 📊 Performance report generated: /home/ittz/projects/itt/site/logs/performance-report-20250711-1240.json
✅ Report generated
📊 Generating performance report...
[2025-07-11 12:45:02] 📊 Performance report generated: /home/ittz/projects/itt/site/logs/performance-report-20250711-1245.json
✅ Report generated
📊 Generating performance report...
[2025-07-11 12:50:01] 📊 Performance report generated: /home/ittz/projects/itt/site/logs/performance-report-20250711-1250.json
✅ Report generated
📊 Generating performance report...
[2025-07-11 12:55:01] 📊 Performance report generated: /home/ittz/projects/itt/site/logs/performance-report-20250711-1255.json
✅ Report generated
📊 Generating performance report...
[2025-07-11 13:00:02] 📊 Performance report generated: /home/ittz/projects/itt/site/logs/performance-report-20250711-1300.json
✅ Report generated
📊 Generating performance report...
[2025-07-11 13:05:01] 📊 Performance report generated: /home/ittz/projects/itt/site/logs/performance-report-20250711-1305.json
✅ Report generated
📊 Generating performance report...
[2025-07-11 13:10:02] 📊 Performance report generated: /home/ittz/projects/itt/site/logs/performance-report-20250711-1310.json
✅ Report generated
📊 Generating performance report...
[2025-07-11 13:15:01] 📊 Performance report generated: /home/ittz/projects/itt/site/logs/performance-report-20250711-1315.json
✅ Report generated
📊 Generating performance report...
[2025-07-11 13:20:01] 📊 Performance report generated: /home/ittz/projects/itt/site/logs/performance-report-20250711-1320.json
✅ Report generated
📊 Generating performance report...
[2025-07-11 13:25:02] 📊 Performance report generated: /home/ittz/projects/itt/site/logs/performance-report-20250711-1325.json
✅ Report generated
📊 Generating performance report...
[2025-07-11 13:30:01] 📊 Performance report generated: /home/ittz/projects/itt/site/logs/performance-report-20250711-1330.json
✅ Report generated
📊 Generating performance report...
[2025-07-11 13:35:01] 📊 Performance report generated: /home/ittz/projects/itt/site/logs/performance-report-20250711-1335.json
✅ Report generated
📊 Generating performance report...
[2025-07-11 13:40:02] 📊 Performance report generated: /home/ittz/projects/itt/site/logs/performance-report-20250711-1340.json
✅ Report generated
📊 Generating performance report...
[2025-07-11 13:45:01] 📊 Performance report generated: /home/ittz/projects/itt/site/logs/performance-report-20250711-1345.json
✅ Report generated
📊 Generating performance report...
[2025-07-11 13:50:02] 📊 Performance report generated: /home/ittz/projects/itt/site/logs/performance-report-20250711-1350.json
✅ Report generated
📊 Generating performance report...
[2025-07-11 13:55:01] 📊 Performance report generated: /home/ittz/projects/itt/site/logs/performance-report-20250711-1355.json
✅ Report generated
📊 Generating performance report...
[2025-07-11 14:00:02] 📊 Performance report generated: /home/ittz/projects/itt/site/logs/performance-report-20250711-1400.json
✅ Report generated
📊 Generating performance report...
[2025-07-11 14:05:01] 📊 Performance report generated: /home/ittz/projects/itt/site/logs/performance-report-20250711-1405.json
✅ Report generated
📊 Generating performance report...
[2025-07-11 14:10:02] 📊 Performance report generated: /home/ittz/projects/itt/site/logs/performance-report-20250711-1410.json
✅ Report generated
📊 Generating performance report...
[2025-07-11 14:15:02] 📊 Performance report generated: /home/ittz/projects/itt/site/logs/performance-report-20250711-1415.json
✅ Report generated
📊 Generating performance report...
[2025-07-11 14:20:02] 📊 Performance report generated: /home/ittz/projects/itt/site/logs/performance-report-20250711-1420.json
✅ Report generated
📊 Generating performance report...
[2025-07-11 14:25:02] 📊 Performance report generated: /home/ittz/projects/itt/site/logs/performance-report-20250711-1425.json
✅ Report generated
📊 Generating performance report...
[2025-07-11 14:30:01] 📊 Performance report generated: /home/ittz/projects/itt/site/logs/performance-report-20250711-1430.json
✅ Report generated
📊 Generating performance report...
[2025-07-11 14:35:02] 📊 Performance report generated: /home/ittz/projects/itt/site/logs/performance-report-20250711-1435.json
✅ Report generated
📊 Generating performance report...
[2025-07-11 14:40:01] 📊 Performance report generated: /home/ittz/projects/itt/site/logs/performance-report-20250711-1440.json
✅ Report generated
📊 Generating performance report...
[2025-07-11 14:45:02] 📊 Performance report generated: /home/ittz/projects/itt/site/logs/performance-report-20250711-1445.json
✅ Report generated
📊 Generating performance report...
[2025-07-11 14:50:01] 📊 Performance report generated: /home/ittz/projects/itt/site/logs/performance-report-20250711-1450.json
✅ Report generated
📊 Generating performance report...
[2025-07-11 14:55:01] 📊 Performance report generated: /home/ittz/projects/itt/site/logs/performance-report-20250711-1455.json
✅ Report generated
📊 Generating performance report...
[2025-07-11 15:00:02] 📊 Performance report generated: /home/ittz/projects/itt/site/logs/performance-report-20250711-1500.json
✅ Report generated
📊 Generating performance report...
[2025-07-11 15:05:01] 📊 Performance report generated: /home/ittz/projects/itt/site/logs/performance-report-20250711-1505.json
✅ Report generated
📊 Generating performance report...
[2025-07-11 15:10:02] 📊 Performance report generated: /home/ittz/projects/itt/site/logs/performance-report-20250711-1510.json
✅ Report generated
📊 Generating performance report...
[2025-07-11 15:15:01] 📊 Performance report generated: /home/ittz/projects/itt/site/logs/performance-report-20250711-1515.json
✅ Report generated
📊 Generating performance report...
[2025-07-11 15:20:02] 📊 Performance report generated: /home/ittz/projects/itt/site/logs/performance-report-20250711-1520.json
✅ Report generated
📊 Generating performance report...
[2025-07-11 15:25:01] 📊 Performance report generated: /home/ittz/projects/itt/site/logs/performance-report-20250711-1525.json
✅ Report generated
📊 Generating performance report...
[2025-07-11 15:30:02] 📊 Performance report generated: /home/ittz/projects/itt/site/logs/performance-report-20250711-1530.json
✅ Report generated
📊 Generating performance report...
[2025-07-11 15:35:01] 📊 Performance report generated: /home/ittz/projects/itt/site/logs/performance-report-20250711-1535.json
✅ Report generated
📊 Generating performance report...
[2025-07-11 15:40:02] 📊 Performance report generated: /home/ittz/projects/itt/site/logs/performance-report-20250711-1540.json
✅ Report generated
📊 Generating performance report...
[2025-07-11 15:45:02] 📊 Performance report generated: /home/ittz/projects/itt/site/logs/performance-report-20250711-1545.json
✅ Report generated
📊 Generating performance report...
[2025-07-11 15:50:01] 📊 Performance report generated: /home/ittz/projects/itt/site/logs/performance-report-20250711-1550.json
✅ Report generated
📊 Generating performance report...
[2025-07-11 15:55:02] 📊 Performance report generated: /home/ittz/projects/itt/site/logs/performance-report-20250711-1555.json
✅ Report generated
📊 Generating performance report...
[2025-07-11 16:00:01] 📊 Performance report generated: /home/ittz/projects/itt/site/logs/performance-report-20250711-1600.json
✅ Report generated
📊 Generating performance report...
[2025-07-11 16:05:02] 📊 Performance report generated: /home/ittz/projects/itt/site/logs/performance-report-20250711-1605.json
✅ Report generated
📊 Generating performance report...
[2025-07-11 16:10:01] 📊 Performance report generated: /home/ittz/projects/itt/site/logs/performance-report-20250711-1610.json
✅ Report generated
📊 Generating performance report...
[2025-07-11 16:15:02] 📊 Performance report generated: /home/ittz/projects/itt/site/logs/performance-report-20250711-1615.json
✅ Report generated
📊 Generating performance report...
[2025-07-11 16:20:01] 📊 Performance report generated: /home/ittz/projects/itt/site/logs/performance-report-20250711-1620.json
✅ Report generated
📊 Generating performance report...
[2025-07-11 16:25:01] 📊 Performance report generated: /home/ittz/projects/itt/site/logs/performance-report-20250711-1625.json
✅ Report generated
📊 Generating performance report...
[2025-07-11 16:30:02] 📊 Performance report generated: /home/ittz/projects/itt/site/logs/performance-report-20250711-1630.json
✅ Report generated
📊 Generating performance report...
[2025-07-11 16:35:01] 📊 Performance report generated: /home/ittz/projects/itt/site/logs/performance-report-20250711-1635.json
✅ Report generated
📊 Generating performance report...
[2025-07-11 16:40:02] 📊 Performance report generated: /home/ittz/projects/itt/site/logs/performance-report-20250711-1640.json
✅ Report generated
📊 Generating performance report...
[2025-07-11 16:45:01] 📊 Performance report generated: /home/ittz/projects/itt/site/logs/performance-report-20250711-1645.json
✅ Report generated
📊 Generating performance report...
[2025-07-11 16:50:02] 📊 Performance report generated: /home/ittz/projects/itt/site/logs/performance-report-20250711-1650.json
✅ Report generated
📊 Generating performance report...
[2025-07-11 16:55:02] 📊 Performance report generated: /home/ittz/projects/itt/site/logs/performance-report-20250711-1655.json
✅ Report generated
📊 Generating performance report...
[2025-07-11 17:00:02] 📊 Performance report generated: /home/ittz/projects/itt/site/logs/performance-report-20250711-1700.json
✅ Report generated
📊 Generating performance report...
[2025-07-11 17:05:02] 📊 Performance report generated: /home/ittz/projects/itt/site/logs/performance-report-20250711-1705.json
✅ Report generated
📊 Generating performance report...
[2025-07-11 17:10:01] 📊 Performance report generated: /home/ittz/projects/itt/site/logs/performance-report-20250711-1710.json
✅ Report generated
📊 Generating performance report...
[2025-07-11 17:15:02] 📊 Performance report generated: /home/ittz/projects/itt/site/logs/performance-report-20250711-1715.json
✅ Report generated
📊 Generating performance report...
[2025-07-11 17:20:01] 📊 Performance report generated: /home/ittz/projects/itt/site/logs/performance-report-20250711-1720.json
✅ Report generated
📊 Generating performance report...
[2025-07-11 17:25:02] 📊 Performance report generated: /home/ittz/projects/itt/site/logs/performance-report-20250711-1725.json
✅ Report generated
📊 Generating performance report...
[2025-07-11 17:30:01] 📊 Performance report generated: /home/ittz/projects/itt/site/logs/performance-report-20250711-1730.json
✅ Report generated
📊 Generating performance report...
[2025-07-11 17:35:01] 📊 Performance report generated: /home/ittz/projects/itt/site/logs/performance-report-20250711-1735.json
✅ Report generated
📊 Generating performance report...
[2025-07-11 17:40:02] 📊 Performance report generated: /home/ittz/projects/itt/site/logs/performance-report-20250711-1740.json
✅ Report generated
📊 Generating performance report...
[2025-07-11 17:45:01] 📊 Performance report generated: /home/ittz/projects/itt/site/logs/performance-report-20250711-1745.json
✅ Report generated
📊 Generating performance report...
[2025-07-11 17:50:02] 📊 Performance report generated: /home/ittz/projects/itt/site/logs/performance-report-20250711-1750.json
✅ Report generated
📊 Generating performance report...
[2025-07-11 17:55:01] 📊 Performance report generated: /home/ittz/projects/itt/site/logs/performance-report-20250711-1755.json
✅ Report generated
📊 Generating performance report...
[2025-07-11 18:00:02] 📊 Performance report generated: /home/ittz/projects/itt/site/logs/performance-report-20250711-1800.json
✅ Report generated
📊 Generating performance report...
[2025-07-11 18:05:01] 📊 Performance report generated: /home/ittz/projects/itt/site/logs/performance-report-20250711-1805.json
✅ Report generated
📊 Generating performance report...
[2025-07-11 18:10:02] 📊 Performance report generated: /home/ittz/projects/itt/site/logs/performance-report-20250711-1810.json
✅ Report generated
📊 Generating performance report...
[2025-07-11 18:15:01] 📊 Performance report generated: /home/ittz/projects/itt/site/logs/performance-report-20250711-1815.json
✅ Report generated
📊 Generating performance report...
[2025-07-11 18:20:02] 📊 Performance report generated: /home/ittz/projects/itt/site/logs/performance-report-20250711-1820.json
✅ Report generated
📊 Generating performance report...
[2025-07-11 18:25:02] 📊 Performance report generated: /home/ittz/projects/itt/site/logs/performance-report-20250711-1825.json
✅ Report generated
📊 Generating performance report...
[2025-07-11 18:30:01] 📊 Performance report generated: /home/ittz/projects/itt/site/logs/performance-report-20250711-1830.json
✅ Report generated
📊 Generating performance report...
[2025-07-11 18:35:02] 📊 Performance report generated: /home/ittz/projects/itt/site/logs/performance-report-20250711-1835.json
✅ Report generated
📊 Generating performance report...
[2025-07-11 18:40:01] 📊 Performance report generated: /home/ittz/projects/itt/site/logs/performance-report-20250711-1840.json
✅ Report generated
📊 Generating performance report...
[2025-07-11 18:45:02] 📊 Performance report generated: /home/ittz/projects/itt/site/logs/performance-report-20250711-1845.json
✅ Report generated
📊 Generating performance report...
[2025-07-11 18:50:01] 📊 Performance report generated: /home/ittz/projects/itt/site/logs/performance-report-20250711-1850.json
✅ Report generated
📊 Generating performance report...
[2025-07-11 18:55:01] 📊 Performance report generated: /home/ittz/projects/itt/site/logs/performance-report-20250711-1855.json
✅ Report generated
📊 Generating performance report...
[2025-07-11 19:00:02] 📊 Performance report generated: /home/ittz/projects/itt/site/logs/performance-report-20250711-1900.json
✅ Report generated
📊 Generating performance report...
[2025-07-11 19:05:01] 📊 Performance report generated: /home/ittz/projects/itt/site/logs/performance-report-20250711-1905.json
✅ Report generated
📊 Generating performance report...
[2025-07-11 19:10:02] 📊 Performance report generated: /home/ittz/projects/itt/site/logs/performance-report-20250711-1910.json
✅ Report generated
📊 Generating performance report...
[2025-07-11 19:15:01] 📊 Performance report generated: /home/ittz/projects/itt/site/logs/performance-report-20250711-1915.json
✅ Report generated
📊 Generating performance report...
[2025-07-11 19:20:02] 📊 Performance report generated: /home/ittz/projects/itt/site/logs/performance-report-20250711-1920.json
✅ Report generated
📊 Generating performance report...
[2025-07-11 19:25:01] 📊 Performance report generated: /home/ittz/projects/itt/site/logs/performance-report-20250711-1925.json
✅ Report generated
📊 Generating performance report...
[2025-07-11 19:30:02] 📊 Performance report generated: /home/ittz/projects/itt/site/logs/performance-report-20250711-1930.json
✅ Report generated
📊 Generating performance report...
[2025-07-11 19:35:02] 📊 Performance report generated: /home/ittz/projects/itt/site/logs/performance-report-20250711-1935.json
✅ Report generated
📊 Generating performance report...
[2025-07-11 19:40:01] 📊 Performance report generated: /home/ittz/projects/itt/site/logs/performance-report-20250711-1940.json
✅ Report generated
📊 Generating performance report...
[2025-07-11 19:45:02] 📊 Performance report generated: /home/ittz/projects/itt/site/logs/performance-report-20250711-1945.json
✅ Report generated
📊 Generating performance report...
[2025-07-11 19:50:01] 📊 Performance report generated: /home/ittz/projects/itt/site/logs/performance-report-20250711-1950.json
✅ Report generated
📊 Generating performance report...
[2025-07-11 19:55:02] 📊 Performance report generated: /home/ittz/projects/itt/site/logs/performance-report-20250711-1955.json
✅ Report generated
📊 Generating performance report...
[2025-07-11 20:00:01] 📊 Performance report generated: /home/ittz/projects/itt/site/logs/performance-report-20250711-2000.json
✅ Report generated
📊 Generating performance report...
[2025-07-11 20:05:02] 📊 Performance report generated: /home/ittz/projects/itt/site/logs/performance-report-20250711-2005.json
✅ Report generated
📊 Generating performance report...
[2025-07-11 20:10:01] 📊 Performance report generated: /home/ittz/projects/itt/site/logs/performance-report-20250711-2010.json
✅ Report generated
📊 Generating performance report...
[2025-07-11 20:15:02] 📊 Performance report generated: /home/ittz/projects/itt/site/logs/performance-report-20250711-2015.json
✅ Report generated
📊 Generating performance report...
[2025-07-11 20:20:02] 📊 Performance report generated: /home/ittz/projects/itt/site/logs/performance-report-20250711-2020.json
✅ Report generated
📊 Generating performance report...
[2025-07-11 20:25:01] 📊 Performance report generated: /home/ittz/projects/itt/site/logs/performance-report-20250711-2025.json
✅ Report generated
